<?xml version="1.0" encoding="UTF-8"?>
<!-- Generated by org.testng.reporters.JUnitReportReporter -->
<testsuite skipped="0" hostname="vahan-HP-Laptop-15-bs0xx" name="MainPageTest" tests="1" failures="0" timestamp="07 Nov 2018 20:22:44 GMT" time="5.972" errors="0">
  <testcase name="verifyTitle" time="5.972" classname="MainPageTest"/>
</testsuite> <!-- MainPageTest -->
