<?xml version="1.0" encoding="UTF-8"?>
<!-- Generated by org.testng.reporters.JUnitReportReporter -->
<testsuite skipped="0" hostname="vahan-HP-Laptop-15-bs0xx" name="tests.MainPageTest" tests="1" failures="0" timestamp="13 Nov 2018 21:30:08 GMT" time="5.936" errors="0">
  <testcase name="verifyTitle" time="5.936" classname="tests.MainPageTest"/>
</testsuite> <!-- tests.MainPageTest -->
