<?xml version="1.0" encoding="UTF-8"?>
<!-- Generated by org.testng.reporters.JUnitReportReporter -->
<testsuite skipped="0" hostname="vahan-HP-Laptop-15-bs0xx" name="tests.DressesPageTest" tests="1" failures="0" timestamp="13 Nov 2018 21:30:08 GMT" time="11.384" errors="0">
  <testcase name="verifySubcategories" time="11.384" classname="tests.DressesPageTest"/>
</testsuite> <!-- tests.DressesPageTest -->
