<?xml version="1.0" encoding="UTF-8"?>
<!-- Generated by org.testng.reporters.JUnitReportReporter -->
<testsuite skipped="0" hostname="vahan-HP-Laptop-15-bs0xx" name="tests.MainPageTest" tests="1" failures="0" timestamp="13 Nov 2018 20:16:19 GMT" time="9.007" errors="0">
  <testcase name="verifyTitle" time="9.007" classname="tests.MainPageTest"/>
</testsuite> <!-- tests.MainPageTest -->
